23-May-2021 19:25:47.074 INFO [localhost-startStop-1] org.apache.catalina.core.ApplicationContext.log ContextListener: contextInitialized()
23-May-2021 19:25:47.074 INFO [localhost-startStop-1] org.apache.catalina.core.ApplicationContext.log SessionListener: contextInitialized()
23-May-2021 19:25:47.082 INFO [localhost-startStop-1] org.apache.catalina.core.ApplicationContext.log ContextListener: attributeAdded('StockTicker', 'async.Stockticker@4fdf9895')
23-May-2021 19:26:38.203 INFO [ContainerBackgroundProcessor[StandardEngine[Catalina]]] org.apache.catalina.core.ApplicationContext.log SessionListener: contextDestroyed()
23-May-2021 19:26:38.204 INFO [ContainerBackgroundProcessor[StandardEngine[Catalina]]] org.apache.catalina.core.ApplicationContext.log ContextListener: contextDestroyed()
23-May-2021 19:27:52.340 INFO [localhost-startStop-2] org.apache.catalina.core.ApplicationContext.log 3 Spring WebApplicationInitializers detected on classpath
23-May-2021 19:28:38.011 INFO [localhost-startStop-2] org.apache.catalina.core.ApplicationContext.log Initializing Spring embedded WebApplicationContext
23-May-2021 19:28:58.475 INFO [localhost-startStop-2] org.apache.catalina.core.ApplicationContext.log Initializing Spring embedded WebApplicationContext
23-May-2021 19:32:05.656 INFO [http-nio-28080-exec-11] org.apache.catalina.core.ApplicationContext.log Initializing Spring DispatcherServlet 'dispatcherServlet'
23-May-2021 19:39:00.395 INFO [ContainerBackgroundProcessor[StandardEngine[Catalina]]] org.apache.catalina.core.ApplicationContext.log Destroying Spring FrameworkServlet 'dispatcherServlet'
23-May-2021 19:39:00.398 INFO [ContainerBackgroundProcessor[StandardEngine[Catalina]]] org.apache.catalina.core.ApplicationContext.log Closing Spring root WebApplicationContext
23-May-2021 19:39:00.419 SEVERE [ContainerBackgroundProcessor[StandardEngine[Catalina]]] org.apache.catalina.core.StandardContext.listenerStop Exception sending context destroyed event to listener instance of class [org.springframework.boot.web.servlet.support.SpringBootServletInitializer$SpringBootContextLoaderListener]
	java.lang.IllegalStateException: java.io.FileNotFoundException: /home/vagrant/data/apache-tomcat-8.5.66/webapps/ROOT/WEB-INF/lib/animal-sniffer-annotations-1.17.jar (No such file or directory)
		at org.apache.catalina.webresources.AbstractSingleArchiveResourceSet.getArchiveEntry(AbstractSingleArchiveResourceSet.java:100)
		at org.apache.catalina.webresources.AbstractArchiveResourceSet.getResource(AbstractArchiveResourceSet.java:257)
		at org.apache.catalina.webresources.StandardRoot.getResourceInternal(StandardRoot.java:280)
		at org.apache.catalina.webresources.Cache.getResource(Cache.java:62)
		at org.apache.catalina.webresources.StandardRoot.getResource(StandardRoot.java:215)
		at org.apache.catalina.webresources.StandardRoot.getClassLoaderResource(StandardRoot.java:224)
		at org.apache.catalina.loader.WebappClassLoaderBase.findClassInternal(WebappClassLoaderBase.java:2322)
		at org.apache.catalina.loader.WebappClassLoaderBase.findClass(WebappClassLoaderBase.java:870)
		at org.apache.catalina.loader.WebappClassLoaderBase.loadClass(WebappClassLoaderBase.java:1341)
		at org.apache.catalina.loader.WebappClassLoaderBase.loadClass(WebappClassLoaderBase.java:1195)
		at org.springframework.web.context.ContextLoaderListener.contextDestroyed(ContextLoaderListener.java:113)
		at org.springframework.boot.web.servlet.support.SpringBootServletInitializer$SpringBootContextLoaderListener.contextDestroyed(SpringBootServletInitializer.java:245)
		at org.apache.catalina.core.StandardContext.listenerStop(StandardContext.java:4749)
		at org.apache.catalina.core.StandardContext.stopInternal(StandardContext.java:5402)
		at org.apache.catalina.util.LifecycleBase.stop(LifecycleBase.java:257)
		at org.apache.catalina.core.ContainerBase.removeChild(ContainerBase.java:834)
		at org.apache.catalina.startup.HostConfig.undeploy(HostConfig.java:1452)
		at org.apache.catalina.startup.HostConfig.checkResources(HostConfig.java:1361)
		at org.apache.catalina.startup.HostConfig.check(HostConfig.java:1639)
		at org.apache.catalina.startup.HostConfig.lifecycleEvent(HostConfig.java:314)
		at org.apache.catalina.util.LifecycleBase.fireLifecycleEvent(LifecycleBase.java:123)
		at org.apache.catalina.core.ContainerBase.backgroundProcess(ContainerBase.java:1159)
		at org.apache.catalina.core.ContainerBase$ContainerBackgroundProcessor.processChildren(ContainerBase.java:1381)
		at org.apache.catalina.core.ContainerBase$ContainerBackgroundProcessor.processChildren(ContainerBase.java:1385)
		at org.apache.catalina.core.ContainerBase$ContainerBackgroundProcessor.run(ContainerBase.java:1353)
		at java.lang.Thread.run(Thread.java:748)
	Caused by: java.io.FileNotFoundException: /home/vagrant/data/apache-tomcat-8.5.66/webapps/ROOT/WEB-INF/lib/animal-sniffer-annotations-1.17.jar (No such file or directory)
		at java.util.zip.ZipFile.open(Native Method)
		at java.util.zip.ZipFile.<init>(ZipFile.java:225)
		at java.util.zip.ZipFile.<init>(ZipFile.java:155)
		at java.util.jar.JarFile.<init>(JarFile.java:166)
		at java.util.jar.JarFile.<init>(JarFile.java:130)
		at org.apache.tomcat.util.compat.JreCompat.jarFileNewInstance(JreCompat.java:202)
		at org.apache.tomcat.util.compat.JreCompat.jarFileNewInstance(JreCompat.java:187)
		at org.apache.catalina.webresources.AbstractArchiveResourceSet.openJarFile(AbstractArchiveResourceSet.java:308)
		at org.apache.catalina.webresources.AbstractSingleArchiveResourceSet.getArchiveEntry(AbstractSingleArchiveResourceSet.java:96)
		... 25 more
23-May-2021 19:39:00.420 INFO [ContainerBackgroundProcessor[StandardEngine[Catalina]]] org.apache.catalina.core.ApplicationContext.log Closing Spring root WebApplicationContext
23-May-2021 19:39:00.428 SEVERE [ContainerBackgroundProcessor[StandardEngine[Catalina]]] org.apache.catalina.core.StandardContext.listenerStop Exception sending context destroyed event to listener instance of class [org.springframework.boot.web.servlet.support.SpringBootServletInitializer$SpringBootContextLoaderListener]
	java.lang.IllegalStateException: java.io.FileNotFoundException: /home/vagrant/data/apache-tomcat-8.5.66/webapps/ROOT/WEB-INF/lib/animal-sniffer-annotations-1.17.jar (No such file or directory)
		at org.apache.catalina.webresources.AbstractSingleArchiveResourceSet.getArchiveEntry(AbstractSingleArchiveResourceSet.java:100)
		at org.apache.catalina.webresources.AbstractArchiveResourceSet.getResource(AbstractArchiveResourceSet.java:257)
		at org.apache.catalina.webresources.StandardRoot.getResourceInternal(StandardRoot.java:280)
		at org.apache.catalina.webresources.Cache.getResource(Cache.java:62)
		at org.apache.catalina.webresources.StandardRoot.getResource(StandardRoot.java:215)
		at org.apache.catalina.webresources.StandardRoot.getClassLoaderResource(StandardRoot.java:224)
		at org.apache.catalina.loader.WebappClassLoaderBase.findClassInternal(WebappClassLoaderBase.java:2322)
		at org.apache.catalina.loader.WebappClassLoaderBase.findClass(WebappClassLoaderBase.java:870)
		at org.apache.catalina.loader.WebappClassLoaderBase.loadClass(WebappClassLoaderBase.java:1341)
		at org.apache.catalina.loader.WebappClassLoaderBase.loadClass(WebappClassLoaderBase.java:1195)
		at org.springframework.web.context.ContextLoaderListener.contextDestroyed(ContextLoaderListener.java:113)
		at org.springframework.boot.web.servlet.support.SpringBootServletInitializer$SpringBootContextLoaderListener.contextDestroyed(SpringBootServletInitializer.java:245)
		at org.apache.catalina.core.StandardContext.listenerStop(StandardContext.java:4749)
		at org.apache.catalina.core.StandardContext.stopInternal(StandardContext.java:5402)
		at org.apache.catalina.util.LifecycleBase.stop(LifecycleBase.java:257)
		at org.apache.catalina.core.ContainerBase.removeChild(ContainerBase.java:834)
		at org.apache.catalina.startup.HostConfig.undeploy(HostConfig.java:1452)
		at org.apache.catalina.startup.HostConfig.checkResources(HostConfig.java:1361)
		at org.apache.catalina.startup.HostConfig.check(HostConfig.java:1639)
		at org.apache.catalina.startup.HostConfig.lifecycleEvent(HostConfig.java:314)
		at org.apache.catalina.util.LifecycleBase.fireLifecycleEvent(LifecycleBase.java:123)
		at org.apache.catalina.core.ContainerBase.backgroundProcess(ContainerBase.java:1159)
		at org.apache.catalina.core.ContainerBase$ContainerBackgroundProcessor.processChildren(ContainerBase.java:1381)
		at org.apache.catalina.core.ContainerBase$ContainerBackgroundProcessor.processChildren(ContainerBase.java:1385)
		at org.apache.catalina.core.ContainerBase$ContainerBackgroundProcessor.run(ContainerBase.java:1353)
		at java.lang.Thread.run(Thread.java:748)
	Caused by: java.io.FileNotFoundException: /home/vagrant/data/apache-tomcat-8.5.66/webapps/ROOT/WEB-INF/lib/animal-sniffer-annotations-1.17.jar (No such file or directory)
		at java.util.zip.ZipFile.open(Native Method)
		at java.util.zip.ZipFile.<init>(ZipFile.java:225)
		at java.util.zip.ZipFile.<init>(ZipFile.java:155)
		at java.util.jar.JarFile.<init>(JarFile.java:166)
		at java.util.jar.JarFile.<init>(JarFile.java:130)
		at org.apache.tomcat.util.compat.JreCompat.jarFileNewInstance(JreCompat.java:202)
		at org.apache.tomcat.util.compat.JreCompat.jarFileNewInstance(JreCompat.java:187)
		at org.apache.catalina.webresources.AbstractArchiveResourceSet.openJarFile(AbstractArchiveResourceSet.java:308)
		at org.apache.catalina.webresources.AbstractSingleArchiveResourceSet.getArchiveEntry(AbstractSingleArchiveResourceSet.java:96)
		... 25 more
23-May-2021 19:39:57.424 INFO [localhost-startStop-3] org.apache.catalina.core.ApplicationContext.log 3 Spring WebApplicationInitializers detected on classpath
23-May-2021 19:40:27.802 INFO [localhost-startStop-3] org.apache.catalina.core.ApplicationContext.log Initializing Spring embedded WebApplicationContext
23-May-2021 19:40:40.547 INFO [localhost-startStop-3] org.apache.catalina.core.ApplicationContext.log Initializing Spring embedded WebApplicationContext
23-May-2021 19:40:46.970 INFO [http-nio-28080-exec-11] org.apache.catalina.core.ApplicationContext.log Initializing Spring DispatcherServlet 'dispatcherServlet'
23-May-2021 19:46:01.131 INFO [ContainerBackgroundProcessor[StandardEngine[Catalina]]] org.apache.catalina.core.ApplicationContext.log Destroying Spring FrameworkServlet 'dispatcherServlet'
23-May-2021 19:46:01.133 INFO [ContainerBackgroundProcessor[StandardEngine[Catalina]]] org.apache.catalina.core.ApplicationContext.log Closing Spring root WebApplicationContext
23-May-2021 19:46:01.144 SEVERE [ContainerBackgroundProcessor[StandardEngine[Catalina]]] org.apache.catalina.core.StandardContext.listenerStop Exception sending context destroyed event to listener instance of class [org.springframework.boot.web.servlet.support.SpringBootServletInitializer$SpringBootContextLoaderListener]
	java.lang.IllegalStateException: java.io.FileNotFoundException: /home/vagrant/data/apache-tomcat-8.5.66/webapps/ROOT/WEB-INF/lib/animal-sniffer-annotations-1.17.jar (No such file or directory)
		at org.apache.catalina.webresources.AbstractSingleArchiveResourceSet.getArchiveEntry(AbstractSingleArchiveResourceSet.java:100)
		at org.apache.catalina.webresources.AbstractArchiveResourceSet.getResource(AbstractArchiveResourceSet.java:257)
		at org.apache.catalina.webresources.StandardRoot.getResourceInternal(StandardRoot.java:280)
		at org.apache.catalina.webresources.Cache.getResource(Cache.java:62)
		at org.apache.catalina.webresources.StandardRoot.getResource(StandardRoot.java:215)
		at org.apache.catalina.webresources.StandardRoot.getClassLoaderResource(StandardRoot.java:224)
		at org.apache.catalina.loader.WebappClassLoaderBase.findClassInternal(WebappClassLoaderBase.java:2322)
		at org.apache.catalina.loader.WebappClassLoaderBase.findClass(WebappClassLoaderBase.java:870)
		at org.apache.catalina.loader.WebappClassLoaderBase.loadClass(WebappClassLoaderBase.java:1341)
		at org.apache.catalina.loader.WebappClassLoaderBase.loadClass(WebappClassLoaderBase.java:1195)
		at org.springframework.web.context.ContextLoaderListener.contextDestroyed(ContextLoaderListener.java:113)
		at org.springframework.boot.web.servlet.support.SpringBootServletInitializer$SpringBootContextLoaderListener.contextDestroyed(SpringBootServletInitializer.java:245)
		at org.apache.catalina.core.StandardContext.listenerStop(StandardContext.java:4749)
		at org.apache.catalina.core.StandardContext.stopInternal(StandardContext.java:5402)
		at org.apache.catalina.util.LifecycleBase.stop(LifecycleBase.java:257)
		at org.apache.catalina.core.ContainerBase.removeChild(ContainerBase.java:834)
		at org.apache.catalina.startup.HostConfig.undeploy(HostConfig.java:1452)
		at org.apache.catalina.startup.HostConfig.checkResources(HostConfig.java:1361)
		at org.apache.catalina.startup.HostConfig.check(HostConfig.java:1639)
		at org.apache.catalina.startup.HostConfig.lifecycleEvent(HostConfig.java:314)
		at org.apache.catalina.util.LifecycleBase.fireLifecycleEvent(LifecycleBase.java:123)
		at org.apache.catalina.core.ContainerBase.backgroundProcess(ContainerBase.java:1159)
		at org.apache.catalina.core.ContainerBase$ContainerBackgroundProcessor.processChildren(ContainerBase.java:1381)
		at org.apache.catalina.core.ContainerBase$ContainerBackgroundProcessor.processChildren(ContainerBase.java:1385)
		at org.apache.catalina.core.ContainerBase$ContainerBackgroundProcessor.run(ContainerBase.java:1353)
		at java.lang.Thread.run(Thread.java:748)
	Caused by: java.io.FileNotFoundException: /home/vagrant/data/apache-tomcat-8.5.66/webapps/ROOT/WEB-INF/lib/animal-sniffer-annotations-1.17.jar (No such file or directory)
		at java.util.zip.ZipFile.open(Native Method)
		at java.util.zip.ZipFile.<init>(ZipFile.java:225)
		at java.util.zip.ZipFile.<init>(ZipFile.java:155)
		at java.util.jar.JarFile.<init>(JarFile.java:166)
		at java.util.jar.JarFile.<init>(JarFile.java:130)
		at org.apache.tomcat.util.compat.JreCompat.jarFileNewInstance(JreCompat.java:202)
		at org.apache.tomcat.util.compat.JreCompat.jarFileNewInstance(JreCompat.java:187)
		at org.apache.catalina.webresources.AbstractArchiveResourceSet.openJarFile(AbstractArchiveResourceSet.java:308)
		at org.apache.catalina.webresources.AbstractSingleArchiveResourceSet.getArchiveEntry(AbstractSingleArchiveResourceSet.java:96)
		... 25 more
23-May-2021 19:46:01.144 INFO [ContainerBackgroundProcessor[StandardEngine[Catalina]]] org.apache.catalina.core.ApplicationContext.log Closing Spring root WebApplicationContext
23-May-2021 19:46:01.147 SEVERE [ContainerBackgroundProcessor[StandardEngine[Catalina]]] org.apache.catalina.core.StandardContext.listenerStop Exception sending context destroyed event to listener instance of class [org.springframework.boot.web.servlet.support.SpringBootServletInitializer$SpringBootContextLoaderListener]
	java.lang.IllegalStateException: java.io.FileNotFoundException: /home/vagrant/data/apache-tomcat-8.5.66/webapps/ROOT/WEB-INF/lib/animal-sniffer-annotations-1.17.jar (No such file or directory)
		at org.apache.catalina.webresources.AbstractSingleArchiveResourceSet.getArchiveEntry(AbstractSingleArchiveResourceSet.java:100)
		at org.apache.catalina.webresources.AbstractArchiveResourceSet.getResource(AbstractArchiveResourceSet.java:257)
		at org.apache.catalina.webresources.StandardRoot.getResourceInternal(StandardRoot.java:280)
		at org.apache.catalina.webresources.Cache.getResource(Cache.java:62)
		at org.apache.catalina.webresources.StandardRoot.getResource(StandardRoot.java:215)
		at org.apache.catalina.webresources.StandardRoot.getClassLoaderResource(StandardRoot.java:224)
		at org.apache.catalina.loader.WebappClassLoaderBase.findClassInternal(WebappClassLoaderBase.java:2322)
		at org.apache.catalina.loader.WebappClassLoaderBase.findClass(WebappClassLoaderBase.java:870)
		at org.apache.catalina.loader.WebappClassLoaderBase.loadClass(WebappClassLoaderBase.java:1341)
		at org.apache.catalina.loader.WebappClassLoaderBase.loadClass(WebappClassLoaderBase.java:1195)
		at org.springframework.web.context.ContextLoaderListener.contextDestroyed(ContextLoaderListener.java:113)
		at org.springframework.boot.web.servlet.support.SpringBootServletInitializer$SpringBootContextLoaderListener.contextDestroyed(SpringBootServletInitializer.java:245)
		at org.apache.catalina.core.StandardContext.listenerStop(StandardContext.java:4749)
		at org.apache.catalina.core.StandardContext.stopInternal(StandardContext.java:5402)
		at org.apache.catalina.util.LifecycleBase.stop(LifecycleBase.java:257)
		at org.apache.catalina.core.ContainerBase.removeChild(ContainerBase.java:834)
		at org.apache.catalina.startup.HostConfig.undeploy(HostConfig.java:1452)
		at org.apache.catalina.startup.HostConfig.checkResources(HostConfig.java:1361)
		at org.apache.catalina.startup.HostConfig.check(HostConfig.java:1639)
		at org.apache.catalina.startup.HostConfig.lifecycleEvent(HostConfig.java:314)
		at org.apache.catalina.util.LifecycleBase.fireLifecycleEvent(LifecycleBase.java:123)
		at org.apache.catalina.core.ContainerBase.backgroundProcess(ContainerBase.java:1159)
		at org.apache.catalina.core.ContainerBase$ContainerBackgroundProcessor.processChildren(ContainerBase.java:1381)
		at org.apache.catalina.core.ContainerBase$ContainerBackgroundProcessor.processChildren(ContainerBase.java:1385)
		at org.apache.catalina.core.ContainerBase$ContainerBackgroundProcessor.run(ContainerBase.java:1353)
		at java.lang.Thread.run(Thread.java:748)
	Caused by: java.io.FileNotFoundException: /home/vagrant/data/apache-tomcat-8.5.66/webapps/ROOT/WEB-INF/lib/animal-sniffer-annotations-1.17.jar (No such file or directory)
		at java.util.zip.ZipFile.open(Native Method)
		at java.util.zip.ZipFile.<init>(ZipFile.java:225)
		at java.util.zip.ZipFile.<init>(ZipFile.java:155)
		at java.util.jar.JarFile.<init>(JarFile.java:166)
		at java.util.jar.JarFile.<init>(JarFile.java:130)
		at org.apache.tomcat.util.compat.JreCompat.jarFileNewInstance(JreCompat.java:202)
		at org.apache.tomcat.util.compat.JreCompat.jarFileNewInstance(JreCompat.java:187)
		at org.apache.catalina.webresources.AbstractArchiveResourceSet.openJarFile(AbstractArchiveResourceSet.java:308)
		at org.apache.catalina.webresources.AbstractSingleArchiveResourceSet.getArchiveEntry(AbstractSingleArchiveResourceSet.java:96)
		... 25 more
23-May-2021 19:46:59.320 INFO [localhost-startStop-4] org.apache.catalina.core.ApplicationContext.log 3 Spring WebApplicationInitializers detected on classpath
23-May-2021 19:47:38.233 INFO [localhost-startStop-4] org.apache.catalina.core.ApplicationContext.log Initializing Spring embedded WebApplicationContext
23-May-2021 19:47:56.773 INFO [localhost-startStop-4] org.apache.catalina.core.ApplicationContext.log Initializing Spring embedded WebApplicationContext
23-May-2021 19:48:13.311 INFO [http-nio-28080-exec-29] org.apache.catalina.core.ApplicationContext.log Initializing Spring DispatcherServlet 'dispatcherServlet'
23-May-2021 20:50:18.936 INFO [localhost-startStop-5] org.apache.catalina.core.ApplicationContext.log Destroying Spring FrameworkServlet 'dispatcherServlet'
23-May-2021 20:50:18.938 INFO [localhost-startStop-5] org.apache.catalina.core.ApplicationContext.log Closing Spring root WebApplicationContext
23-May-2021 20:50:18.967 INFO [localhost-startStop-5] org.apache.catalina.core.ApplicationContext.log Closing Spring root WebApplicationContext
